0 verbose cli /home/joseph/.nvm/versions/node/v20.6.1/bin/node /home/joseph/.nvm/versions/node/v20.6.1/bin/npm
1 info using npm@9.8.1
2 info using node@v20.6.1
3 timing npm:load:whichnode Completed in 2ms
4 timing config:load:defaults Completed in 4ms
5 timing config:load:file:/home/joseph/.nvm/versions/node/v20.6.1/lib/node_modules/npm/npmrc Completed in 0ms
6 timing config:load:builtin Completed in 2ms
7 timing config:load:cli Completed in 6ms
8 timing config:load:env Completed in 1ms
9 timing config:load:file:/var/www/html/react/church/frontend/front/.npmrc Completed in 0ms
10 timing config:load:project Completed in 11ms
11 timing config:load:file:/home/joseph/.npmrc Completed in 0ms
12 timing config:load:user Completed in 0ms
13 timing config:load:file:/home/joseph/.nvm/versions/node/v20.6.1/etc/npmrc Completed in 0ms
14 timing config:load:global Completed in 0ms
15 timing config:load:setEnvs Completed in 2ms
16 timing config:load Completed in 26ms
17 timing npm:load:configload Completed in 26ms
18 timing config:load:flatten Completed in 4ms
19 timing npm:load:mkdirpcache Completed in 0ms
20 timing npm:load:mkdirplogs Completed in 0ms
21 verbose title npm install
22 verbose argv "install" "--logs-dir" "."
23 timing npm:load:setTitle Completed in 2ms
24 timing npm:load:display Completed in 0ms
25 verbose logfile logs-max:10 dir:/var/www/html/react/church/frontend/front/2024-05-24T01_44_47_659Z-
26 verbose logfile /var/www/html/react/church/frontend/front/2024-05-24T01_44_47_659Z-debug-0.log
27 timing npm:load:logFile Completed in 15ms
28 timing npm:load:timers Completed in 0ms
29 timing npm:load:configScope Completed in 0ms
30 timing npm:load Completed in 66ms
31 timing arborist:ctor Completed in 1ms
32 silly logfile done cleaning log files
33 timing idealTree:init Completed in 196ms
34 timing idealTree:userRequests Completed in 0ms
35 silly idealTree buildDeps
36 timing idealTree:#root Completed in 0ms
37 timing idealTree:buildDeps Completed in 2ms
38 timing idealTree:fixDepFlags Completed in 1ms
39 timing idealTree Completed in 205ms
40 timing arborist:ctor Completed in 0ms
41 timing reify:loadTrees Completed in 312ms
42 timing reify:diffTrees Completed in 17ms
43 silly reify moves {}
44 timing reify:retireShallow Completed in 2ms
45 timing reify:createSparse Completed in 7ms
46 timing reify:loadBundles Completed in 0ms
47 silly audit bulk request {
47 silly audit   '@alloc/quick-lru': [ '5.2.0' ],
47 silly audit   '@babel/runtime': [ '7.24.5' ],
47 silly audit   '@emotion/cache': [ '11.11.0' ],
47 silly audit   '@emotion/memoize': [ '0.8.1' ],
47 silly audit   '@emotion/sheet': [ '1.2.2' ],
47 silly audit   '@emotion/utils': [ '1.2.1' ],
47 silly audit   '@emotion/weak-memoize': [ '0.3.1' ],
47 silly audit   '@floating-ui/core': [ '1.6.2' ],
47 silly audit   '@floating-ui/dom': [ '1.6.5' ],
47 silly audit   '@floating-ui/react-dom': [ '2.1.0' ],
47 silly audit   '@floating-ui/utils': [ '0.2.2' ],
47 silly audit   '@isaacs/cliui': [ '8.0.2' ],
47 silly audit   '@jridgewell/gen-mapping': [ '0.3.5' ],
47 silly audit   '@jridgewell/resolve-uri': [ '3.1.2' ],
47 silly audit   '@jridgewell/set-array': [ '1.2.1' ],
47 silly audit   '@jridgewell/sourcemap-codec': [ '1.4.15' ],
47 silly audit   '@jridgewell/trace-mapping': [ '0.3.25' ],
47 silly audit   '@mui/base': [ '5.0.0-beta.40' ],
47 silly audit   '@mui/core-downloads-tracker': [ '5.15.18' ],
47 silly audit   '@mui/material': [ '5.15.18' ],
47 silly audit   '@mui/private-theming': [ '5.15.14' ],
47 silly audit   '@mui/styled-engine': [ '5.15.14' ],
47 silly audit   '@mui/system': [ '5.15.15' ],
47 silly audit   '@mui/types': [ '7.2.14' ],
47 silly audit   '@mui/utils': [ '5.15.14' ],
47 silly audit   '@mui/x-date-pickers': [ '7.5.0' ],
47 silly audit   '@next/env': [ '14.2.3' ],
47 silly audit   '@next/swc-darwin-arm64': [ '14.2.3' ],
47 silly audit   '@next/swc-darwin-x64': [ '14.2.3' ],
47 silly audit   '@next/swc-linux-arm64-gnu': [ '14.2.3' ],
47 silly audit   '@next/swc-linux-arm64-musl': [ '14.2.3' ],
47 silly audit   '@next/swc-linux-x64-gnu': [ '14.2.3' ],
47 silly audit   '@next/swc-linux-x64-musl': [ '14.2.3' ],
47 silly audit   '@next/swc-win32-arm64-msvc': [ '14.2.3' ],
47 silly audit   '@next/swc-win32-ia32-msvc': [ '14.2.3' ],
47 silly audit   '@next/swc-win32-x64-msvc': [ '14.2.3' ],
47 silly audit   '@nodelib/fs.scandir': [ '2.1.5' ],
47 silly audit   '@nodelib/fs.stat': [ '2.0.5' ],
47 silly audit   '@nodelib/fs.walk': [ '1.2.8' ],
47 silly audit   '@pkgjs/parseargs': [ '0.11.0' ],
47 silly audit   '@popperjs/core': [ '2.11.8' ],
47 silly audit   '@swc/counter': [ '0.1.3' ],
47 silly audit   '@swc/helpers': [ '0.5.5' ],
47 silly audit   '@types/prop-types': [ '15.7.12' ],
47 silly audit   '@types/react': [ '18.3.2' ],
47 silly audit   '@types/react-transition-group': [ '4.4.10' ],
47 silly audit   'ansi-regex': [ '6.0.1', '5.0.1' ],
47 silly audit   'ansi-styles': [ '6.2.1', '4.3.0' ],
47 silly audit   'any-promise': [ '1.3.0' ],
47 silly audit   anymatch: [ '3.1.3' ],
47 silly audit   arg: [ '5.0.2' ],
47 silly audit   asynckit: [ '0.4.0' ],
47 silly audit   axios: [ '1.6.8' ],
47 silly audit   'balanced-match': [ '1.0.2' ],
47 silly audit   'binary-extensions': [ '2.3.0' ],
47 silly audit   'brace-expansion': [ '2.0.1' ],
47 silly audit   braces: [ '3.0.2' ],
47 silly audit   busboy: [ '1.6.0' ],
47 silly audit   'camelcase-css': [ '2.0.1' ],
47 silly audit   'caniuse-lite': [ '1.0.30001615' ],
47 silly audit   chokidar: [ '3.6.0' ],
47 silly audit   'glob-parent': [ '5.1.2', '6.0.2' ],
47 silly audit   'client-only': [ '0.0.1' ],
47 silly audit   clsx: [ '2.1.1' ],
47 silly audit   'color-convert': [ '2.0.1' ],
47 silly audit   'color-name': [ '1.1.4' ],
47 silly audit   'combined-stream': [ '1.0.8' ],
47 silly audit   commander: [ '4.1.1' ],
47 silly audit   'cross-spawn': [ '7.0.3' ],
47 silly audit   cssesc: [ '3.0.0' ],
47 silly audit   csstype: [ '3.1.3' ],
47 silly audit   dayjs: [ '1.11.11' ],
47 silly audit   'delayed-stream': [ '1.0.0' ],
47 silly audit   didyoumean: [ '1.2.2' ],
47 silly audit   dlv: [ '1.1.3' ],
47 silly audit   'dom-helpers': [ '5.2.1' ],
47 silly audit   eastasianwidth: [ '0.2.0' ],
47 silly audit   'emoji-regex': [ '9.2.2', '8.0.0' ],
47 silly audit   'fast-glob': [ '3.3.2' ],
47 silly audit   fastq: [ '1.17.1' ],
47 silly audit   'fill-range': [ '7.0.1' ],
47 silly audit   'follow-redirects': [ '1.15.6' ],
47 silly audit   'foreground-child': [ '3.1.1' ],
47 silly audit   'form-data': [ '4.0.0' ],
47 silly audit   fsevents: [ '2.3.3' ],
47 silly audit   'function-bind': [ '1.1.2' ],
47 silly audit   glob: [ '10.3.12' ],
47 silly audit   'graceful-fs': [ '4.2.11' ],
47 silly audit   hasown: [ '2.0.2' ],
47 silly audit   'is-binary-path': [ '2.1.0' ],
47 silly audit   'is-core-module': [ '2.13.1' ],
47 silly audit   'is-extglob': [ '2.1.1' ],
47 silly audit   'is-fullwidth-code-point': [ '3.0.0' ],
47 silly audit   'is-glob': [ '4.0.3' ],
47 silly audit   'is-number': [ '7.0.0' ],
47 silly audit   isexe: [ '2.0.0' ],
47 silly audit   jackspeak: [ '2.3.6' ],
47 silly audit   jiti: [ '1.21.0' ],
47 silly audit   'js-tokens': [ '4.0.0' ],
47 silly audit   'jwt-decode': [ '4.0.0' ],
47 silly audit   lilconfig: [ '2.1.0', '3.1.1' ],
47 silly audit   'lines-and-columns': [ '1.2.4' ],
47 silly audit   'loose-envify': [ '1.4.0' ],
47 silly audit   'lru-cache': [ '10.2.2' ],
47 silly audit   merge2: [ '1.4.1' ],
47 silly audit   micromatch: [ '4.0.5' ],
47 silly audit   'mime-db': [ '1.52.0' ],
47 silly audit   'mime-types': [ '2.1.35' ],
47 silly audit   minimatch: [ '9.0.4' ],
47 silly audit   minipass: [ '7.1.0' ],
47 silly audit   mz: [ '2.7.0' ],
47 silly audit   nanoid: [ '3.3.7' ],
47 silly audit   next: [ '14.2.3' ],
47 silly audit   postcss: [ '8.4.31', '8.4.38' ],
47 silly audit   'normalize-path': [ '3.0.0' ],
47 silly audit   'object-assign': [ '4.1.1' ],
47 silly audit   'object-hash': [ '3.0.0' ],
47 silly audit   'path-key': [ '3.1.1' ],
47 silly audit   'path-parse': [ '1.0.7' ],
47 silly audit   'path-scurry': [ '1.10.2' ],
47 silly audit   picocolors: [ '1.0.0' ],
47 silly audit   picomatch: [ '2.3.1' ],
47 silly audit   pify: [ '2.3.0' ],
47 silly audit   pirates: [ '4.0.6' ],
47 silly audit   'postcss-import': [ '15.1.0' ],
47 silly audit   'postcss-js': [ '4.0.1' ],
47 silly audit   'postcss-load-config': [ '4.0.2' ],
47 silly audit   'postcss-nested': [ '6.0.1' ],
47 silly audit   'postcss-selector-parser': [ '6.0.16' ],
47 silly audit   'postcss-value-parser': [ '4.2.0' ],
47 silly audit   'prop-types': [ '15.8.1' ],
47 silly audit   'react-is': [ '16.13.1', '18.3.1' ],
47 silly audit   'proxy-from-env': [ '1.1.0' ],
47 silly audit   'queue-microtask': [ '1.2.3' ],
47 silly audit   react: [ '18.3.1' ],
47 silly audit   'react-dom': [ '18.3.1' ],
47 silly audit   'react-transition-group': [ '4.4.5' ],
47 silly audit   'read-cache': [ '1.0.0' ],
47 silly audit   readdirp: [ '3.6.0' ],
47 silly audit   'regenerator-runtime': [ '0.14.1' ],
47 silly audit   resolve: [ '1.22.8' ],
47 silly audit   reusify: [ '1.0.4' ],
47 silly audit   'run-parallel': [ '1.2.0' ],
47 silly audit   scheduler: [ '0.23.2' ],
47 silly audit   'shebang-command': [ '2.0.0' ],
47 silly audit   'shebang-regex': [ '3.0.0' ],
47 silly audit   'signal-exit': [ '4.1.0' ],
47 silly audit   'source-map-js': [ '1.2.0' ],
47 silly audit   streamsearch: [ '1.1.0' ],
47 silly audit   'string-width': [ '5.1.2', '4.2.3' ],
47 silly audit   'strip-ansi': [ '6.0.1', '7.1.0' ],
47 silly audit   'styled-jsx': [ '5.1.1' ],
47 silly audit   stylis: [ '4.2.0' ],
47 silly audit   sucrase: [ '3.35.0' ],
47 silly audit   'supports-preserve-symlinks-flag': [ '1.0.0' ],
47 silly audit   tailwindcss: [ '3.4.3' ],
47 silly audit   thenify: [ '3.3.1' ],
47 silly audit   'thenify-all': [ '1.6.0' ],
47 silly audit   'to-regex-range': [ '5.0.1' ],
47 silly audit   'ts-interface-checker': [ '0.1.13' ],
47 silly audit   tslib: [ '2.6.2' ],
47 silly audit   'util-deprecate': [ '1.0.2' ],
47 silly audit   which: [ '2.0.2' ],
47 silly audit   'wrap-ansi': [ '8.1.0', '7.0.0' ],
47 silly audit   yaml: [ '2.4.2' ]
47 silly audit }
48 verbose reify failed optional dependency /var/www/html/react/church/frontend/front/node_modules/fsevents
49 silly reify mark deleted [ '/var/www/html/react/church/frontend/front/node_modules/fsevents' ]
50 verbose reify failed optional dependency /var/www/html/react/church/frontend/front/node_modules/@next/swc-win32-x64-msvc
51 silly reify mark deleted [
51 silly reify   '/var/www/html/react/church/frontend/front/node_modules/@next/swc-win32-x64-msvc'
51 silly reify ]
52 verbose reify failed optional dependency /var/www/html/react/church/frontend/front/node_modules/@next/swc-win32-ia32-msvc
53 silly reify mark deleted [
53 silly reify   '/var/www/html/react/church/frontend/front/node_modules/@next/swc-win32-ia32-msvc'
53 silly reify ]
54 verbose reify failed optional dependency /var/www/html/react/church/frontend/front/node_modules/@next/swc-win32-arm64-msvc
55 silly reify mark deleted [
55 silly reify   '/var/www/html/react/church/frontend/front/node_modules/@next/swc-win32-arm64-msvc'
55 silly reify ]
56 verbose reify failed optional dependency /var/www/html/react/church/frontend/front/node_modules/@next/swc-linux-arm64-musl
57 silly reify mark deleted [
57 silly reify   '/var/www/html/react/church/frontend/front/node_modules/@next/swc-linux-arm64-musl'
57 silly reify ]
58 verbose reify failed optional dependency /var/www/html/react/church/frontend/front/node_modules/@next/swc-linux-arm64-gnu
59 silly reify mark deleted [
59 silly reify   '/var/www/html/react/church/frontend/front/node_modules/@next/swc-linux-arm64-gnu'
59 silly reify ]
60 verbose reify failed optional dependency /var/www/html/react/church/frontend/front/node_modules/@next/swc-darwin-x64
61 silly reify mark deleted [
61 silly reify   '/var/www/html/react/church/frontend/front/node_modules/@next/swc-darwin-x64'
61 silly reify ]
62 verbose reify failed optional dependency /var/www/html/react/church/frontend/front/node_modules/@next/swc-darwin-arm64
63 silly reify mark deleted [
63 silly reify   '/var/www/html/react/church/frontend/front/node_modules/@next/swc-darwin-arm64'
63 silly reify ]
64 timing reifyNode:node_modules/fsevents Completed in 109ms
65 timing reifyNode:node_modules/@next/swc-win32-x64-msvc Completed in 109ms
66 timing reifyNode:node_modules/@next/swc-win32-ia32-msvc Completed in 109ms
67 timing reifyNode:node_modules/@next/swc-win32-arm64-msvc Completed in 109ms
68 timing reifyNode:node_modules/@next/swc-linux-arm64-musl Completed in 109ms
69 timing reifyNode:node_modules/@next/swc-linux-arm64-gnu Completed in 108ms
70 timing reifyNode:node_modules/@next/swc-darwin-x64 Completed in 108ms
71 timing reifyNode:node_modules/@next/swc-darwin-arm64 Completed in 108ms
72 timing reify:unpack Completed in 111ms
73 timing reify:unretire Completed in 0ms
74 timing build:queue Completed in 8ms
75 timing build:deps Completed in 9ms
76 timing build Completed in 9ms
77 timing reify:build Completed in 10ms
78 timing reify:trash Completed in 12ms
79 timing reify:save Completed in 127ms
80 http fetch POST 200 https://registry.npmjs.org/-/npm/v1/security/advisories/bulk 895ms
81 timing auditReport:getReport Completed in 910ms
82 silly audit report {}
83 timing auditReport:init Completed in 0ms
84 timing reify:audit Completed in 911ms
85 timing reify Completed in 1268ms
86 silly ADD
87 silly ADD
88 silly ADD
89 silly ADD
90 silly ADD
91 silly ADD
92 silly ADD
93 silly ADD
94 timing command:install Completed in 1295ms
95 verbose exit 0
96 timing npm Completed in 1607ms
97 info ok
